{
  "RSpec": {
    "coverage": {
      "/home/chongx/Code/SwIRL-CSCE-606/app/helpers/application_helper.rb": {
        "lines": [
          1,
          null
        ]
      },
      "/home/chongx/Code/SwIRL-CSCE-606/app/helpers/event_remainder_mailer_test_helper.rb": {
        "lines": [
          1,
          null
        ]
      },
      "/home/chongx/Code/SwIRL-CSCE-606/app/helpers/events_helper.rb": {
        "lines": [
          1,
          null
        ]
      },
      "/home/chongx/Code/SwIRL-CSCE-606/app/helpers/pages_helper.rb": {
        "lines": [
          1,
          null
        ]
      },
      "/home/chongx/Code/SwIRL-CSCE-606/app/helpers/static_pages_helper.rb": {
        "lines": [
          1,
          null
        ]
      },
      "/home/chongx/Code/SwIRL-CSCE-606/app/controllers/events_controller.rb": {
        "lines": [
          null,
          1,
          1,
          null,
          null,
          1,
          1,
          null,
          null,
          1,
          null,
          null,
          1,
          2,
          null,
          2,
          null,
          null,
          null,
          1,
          null,
          null,
          1,
          4,
          4,
          4,
          4,
          4,
          4,
          4,
          null,
          4,
          null,
          null,
          4,
          null,
          null,
          null,
          null,
          null,
          null,
          null,
          null,
          null,
          null,
          4,
          2,
          null,
          2,
          2,
          null,
          null,
          null,
          null,
          4,
          4,
          null,
          null,
          null,
          null,
          4,
          null,
          2,
          null,
          2,
          null,
          0,
          null,
          2,
          12,
          12,
          null,
          12,
          null,
          null,
          null,
          null,
          null,
          12,
          12,
          0,
          null,
          null,
          null,
          null,
          null,
          4,
          null,
          4,
          2,
          2,
          2,
          null,
          null,
          null,
          0,
          0,
          null,
          null,
          null,
          null,
          null,
          1,
          5,
          5,
          5,
          5,
          5,
          5,
          null,
          null,
          5,
          null,
          5,
          5,
          3,
          3,
          null,
          3,
          3,
          5,
          4,
          null,
          null,
          null,
          null,
          null,
          1,
          3,
          null,
          3,
          5,
          4,
          null,
          null,
          null,
          1,
          4,
          null,
          null,
          1,
          1,
          1,
          null,
          1,
          1,
          null,
          null,
          1,
          null,
          null,
          1,
          1,
          1,
          null,
          1,
          1,
          null,
          1,
          null,
          null,
          null,
          1,
          2,
          2,
          2,
          null,
          2,
          null,
          null,
          null,
          1,
          null,
          null,
          1,
          8,
          null,
          null,
          null,
          1,
          58,
          null,
          null,
          null
        ]
      },
      "/home/chongx/Code/SwIRL-CSCE-606/app/controllers/application_controller.rb": {
        "lines": [
          1,
          null
        ]
      },
      "/home/chongx/Code/SwIRL-CSCE-606/app/mailers/event_remainder_mailer.rb": {
        "lines": [
          1,
          null,
          1,
          1,
          1,
          null,
          1,
          1,
          1,
          null,
          1,
          2,
          null,
          2,
          null,
          null,
          null,
          null,
          1,
          1,
          1,
          1,
          1,
          1,
          null,
          null,
          null,
          null,
          null,
          null,
          null
        ]
      },
      "/home/chongx/Code/SwIRL-CSCE-606/app/mailers/application_mailer.rb": {
        "lines": [
          1,
          1,
          1,
          null
        ]
      },
      "/home/chongx/Code/SwIRL-CSCE-606/app/models/attendee_info.rb": {
        "lines": [
          1,
          1,
          null
        ]
      },
      "/home/chongx/Code/SwIRL-CSCE-606/app/models/application_record.rb": {
        "lines": [
          1,
          1,
          null
        ]
      },
      "/home/chongx/Code/SwIRL-CSCE-606/app/models/event_info.rb": {
        "lines": [
          1,
          1,
          1,
          null
        ]
      },
      "/home/chongx/Code/SwIRL-CSCE-606/app/models/event.rb": {
        "lines": [
          1,
          1,
          1,
          1,
          1,
          null,
          null
        ]
      },
      "/home/chongx/Code/SwIRL-CSCE-606/app/controllers/static_pages_controller.rb": {
        "lines": [
          1,
          1,
          null,
          null,
          1,
          null,
          null
        ]
      },
      "/home/chongx/Code/SwIRL-CSCE-606/app/controllers/event_remainder_mailer_test_controller.rb": {
        "lines": [
          0,
          0,
          null,
          0,
          0,
          null,
          0
        ],
        "branches": {
        }
      }
    },
    "timestamp": 1699385202
  }
}
